[15:28:00] [ServerMain/INFO]: Environment: Environment[sessionHost=https://sessionserver.mojang.com, servicesHost=https://api.minecraftservices.com, name=PROD]
[15:28:03] [ServerMain/INFO]: Loaded 1174 recipes
[15:28:03] [ServerMain/INFO]: Loaded 1271 advancements
[15:28:04] [Server thread/INFO]: Starting minecraft server version 1.20.4
[15:28:04] [Server thread/INFO]: Loading properties
[15:28:04] [Server thread/INFO]: This server is running Paper version git-Paper-416 (MC: 1.20.4) (Implementing API version 1.20.4-R0.1-SNAPSHOT) (Git: 581fb30)
[15:28:04] [Server thread/INFO]: Server Ping Player Sample Count: 12
[15:28:04] [Server thread/INFO]: Using 4 threads for Netty based IO
[15:28:05] [Server thread/WARN]: [!] The timings profiler has been enabled but has been scheduled for removal from Paper in the future.
    We recommend installing the spark profiler as a replacement: https://spark.lucko.me/
    For more information please visit: https://github.com/PaperMC/Paper/issues/8948
[15:28:05] [Server thread/INFO]: [ChunkTaskScheduler] Chunk system is using 1 I/O threads, 1 worker threads, and gen parallelism of 1 threads
[15:28:06] [Server thread/INFO]: Default game type: SURVIVAL
[15:28:06] [Server thread/INFO]: Generating keypair
[15:28:06] [Server thread/INFO]: Starting Minecraft server on *:25565
[15:28:06] [Server thread/INFO]: Using epoll channel type
[15:28:06] [Server thread/INFO]: Paper: Using libdeflate (Linux x86_64) compression from Velocity.
[15:28:06] [Server thread/INFO]: Paper: Using OpenSSL 3.0.x (Linux x86_64) cipher from Velocity.
[15:28:06] [Server thread/INFO]: Server permissions file permissions.yml is empty, ignoring it
[15:28:06] [Server thread/WARN]: **** SERVER IS RUNNING IN OFFLINE/INSECURE MODE!
[15:28:06] [Server thread/WARN]: The server will make no attempt to authenticate usernames. Beware.
[15:28:06] [Server thread/WARN]: While this makes the game possible to play without internet access, it also opens up the ability for hackers to connect with any username they choose.
[15:28:06] [Server thread/WARN]: To change this, set "online-mode" to "true" in the server.properties file.
[15:28:06] [Server thread/INFO]: Preparing level "world"
[15:28:07] [Server thread/INFO]: Preparing start region for dimension minecraft:overworld
[15:28:07] [Server thread/INFO]: Time elapsed: 336 ms
[15:28:07] [Server thread/INFO]: Preparing start region for dimension minecraft:the_nether
[15:28:07] [Server thread/INFO]: Time elapsed: 164 ms
[15:28:07] [Server thread/INFO]: Preparing start region for dimension minecraft:the_end
[15:28:09] [Server thread/INFO]: Time elapsed: 1527 ms
[15:28:09] [Server thread/INFO]: Running delayed init tasks
[15:28:09] [Server thread/INFO]: Done (5.093s)! For help, type "help"
[15:28:09] [Server thread/INFO]: Timings Reset
[15:30:29] [Server thread/INFO]: Unknown command. Type "/help" for help.
[15:30:32] [Server thread/INFO]: Stopping the server
[15:30:32] [Server thread/INFO]: Stopping server
[15:30:32] [Server thread/INFO]: Saving players
[15:30:32] [Server thread/INFO]: Saving worlds
[15:30:32] [Server thread/INFO]: Saving chunks for level 'ServerLevel[world]'/minecraft:overworld
[15:30:32] [Server thread/INFO]: [ChunkHolderManager] Waiting 60s for chunk system to halt for world 'world'
[15:30:32] [Server thread/INFO]: [ChunkHolderManager] Halted chunk system for world 'world'
[15:30:32] [Server thread/INFO]: [ChunkHolderManager] Saving all chunkholders for world 'world'
[15:30:34] [Server thread/INFO]: [ChunkHolderManager] Saved 529 block chunks, 529 entity chunks, 0 poi chunks in world 'world' in 2.02s
[15:30:34] [Server thread/INFO]: ThreadedAnvilChunkStorage (world): All chunks are saved
[15:30:34] [Server thread/INFO]: Saving chunks for level 'ServerLevel[world_nether]'/minecraft:the_nether
[15:30:34] [Server thread/INFO]: [ChunkHolderManager] Waiting 60s for chunk system to halt for world 'world_nether'
[15:30:34] [Server thread/INFO]: [ChunkHolderManager] Halted chunk system for world 'world_nether'
[15:30:34] [Server thread/INFO]: [ChunkHolderManager] Saving all chunkholders for world 'world_nether'
[15:30:35] [Server thread/INFO]: [ChunkHolderManager] Saved 529 block chunks, 529 entity chunks, 0 poi chunks in world 'world_nether' in 1.09s
[15:30:35] [Server thread/INFO]: ThreadedAnvilChunkStorage (DIM-1): All chunks are saved
[15:30:35] [Server thread/INFO]: Saving chunks for level 'ServerLevel[world_the_end]'/minecraft:the_end
[15:30:35] [Server thread/INFO]: [ChunkHolderManager] Waiting 60s for chunk system to halt for world 'world_the_end'
[15:30:35] [Server thread/INFO]: [ChunkHolderManager] Halted chunk system for world 'world_the_end'
[15:30:35] [Server thread/INFO]: [ChunkHolderManager] Saving all chunkholders for world 'world_the_end'
[15:30:36] [Server thread/INFO]: [ChunkHolderManager] Saved 529 block chunks, 529 entity chunks, 0 poi chunks in world 'world_the_end' in 0.32s
[15:30:36] [Server thread/INFO]: ThreadedAnvilChunkStorage (DIM1): All chunks are saved
[15:30:36] [Server thread/INFO]: ThreadedAnvilChunkStorage: All dimensions are saved
[15:30:36] [Server thread/INFO]: Flushing Chunk IO
[15:30:36] [Server thread/INFO]: Closing Thread Pool
[15:30:36] [Server thread/INFO]: Closing Server
